INFO:werkzeug:[31m[1mWARNING: This is a development server. Do not use it in a production deployment. Use a production WSGI server instead.[0m
 * Running on http://127.0.0.1:5000
INFO:werkzeug:[33mPress CTRL+C to quit[0m
INFO:werkzeug: * Restarting with stat
WARNING:werkzeug: * Debugger is active!
INFO:werkzeug: * Debugger PIN: 242-964-368
INFO:werkzeug: * Detected change in '/Users/hono/Desktop/ice-recommend/src/models/user.py', reloading
INFO:werkzeug: * Restarting with stat
WARNING:werkzeug: * Debugger is active!
INFO:werkzeug: * Debugger PIN: 242-964-368
INFO:werkzeug: * Detected change in '/Users/hono/Desktop/ice-recommend/src/models/user.py', reloading
INFO:werkzeug: * Restarting with stat
WARNING:werkzeug: * Debugger is active!
INFO:werkzeug: * Debugger PIN: 242-964-368
INFO:werkzeug: * Detected change in '/Users/hono/Desktop/ice-recommend/src/models/icecream.py', reloading
INFO:werkzeug: * Restarting with stat
WARNING:werkzeug: * Debugger is active!
INFO:werkzeug: * Debugger PIN: 242-964-368
INFO:werkzeug: * Detected change in '/Users/hono/Desktop/ice-recommend/src/models/icecream.py', reloading
INFO:werkzeug: * Restarting with stat
WARNING:werkzeug: * Debugger is active!
INFO:werkzeug: * Debugger PIN: 242-964-368
INFO:werkzeug: * Detected change in '/Users/hono/Desktop/ice-recommend/src/models/rate.py', reloading
INFO:werkzeug: * Restarting with stat
WARNING:werkzeug: * Debugger is active!
INFO:werkzeug: * Debugger PIN: 242-964-368
INFO:werkzeug: * Detected change in '/Users/hono/Desktop/ice-recommend/src/models/rate.py', reloading
INFO:werkzeug: * Restarting with stat
WARNING:werkzeug: * Debugger is active!
INFO:werkzeug: * Debugger PIN: 242-964-368
INFO:werkzeug: * Detected change in '/Users/hono/Desktop/ice-recommend/src/models/user.py', reloading
INFO:werkzeug: * Restarting with stat
WARNING:werkzeug: * Debugger is active!
INFO:werkzeug: * Debugger PIN: 242-964-368
INFO:werkzeug: * Detected change in '/Users/hono/Desktop/ice-recommend/src/models/db.py', reloading
INFO:werkzeug: * Restarting with stat
WARNING:werkzeug: * Debugger is active!
INFO:werkzeug: * Debugger PIN: 242-964-368
INFO:werkzeug: * Detected change in '/Users/hono/Desktop/ice-recommend/src/settings.py', reloading
INFO:werkzeug: * Restarting with stat
WARNING:werkzeug: * Debugger is active!
INFO:werkzeug: * Debugger PIN: 242-964-368
INFO:werkzeug: * Detected change in '/Users/hono/Desktop/ice-recommend/src/models/icecream.py', reloading
INFO:werkzeug: * Restarting with stat
WARNING:werkzeug: * Debugger is active!
INFO:werkzeug: * Debugger PIN: 242-964-368
INFO:werkzeug: * Detected change in '/Users/hono/Desktop/ice-recommend/src/models/icecream.py', reloading
INFO:werkzeug: * Restarting with stat
WARNING:werkzeug: * Debugger is active!
INFO:werkzeug: * Debugger PIN: 242-964-368
INFO:werkzeug: * Detected change in '/Users/hono/Desktop/ice-recommend/src/models/icecream.py', reloading
INFO:werkzeug: * Restarting with stat
WARNING:werkzeug: * Debugger is active!
INFO:werkzeug: * Debugger PIN: 242-964-368
INFO:werkzeug: * Detected change in '/Users/hono/Desktop/ice-recommend/src/models/rate.py', reloading
INFO:werkzeug: * Restarting with stat
WARNING:werkzeug: * Debugger is active!
INFO:werkzeug: * Debugger PIN: 242-964-368
INFO:werkzeug: * Detected change in '/Users/hono/Desktop/ice-recommend/src/models/rate.py', reloading
INFO:werkzeug: * Restarting with stat
WARNING:werkzeug: * Debugger is active!
INFO:werkzeug: * Debugger PIN: 242-964-368
INFO:werkzeug: * Detected change in '/Users/hono/Desktop/ice-recommend/src/models/rate.py', reloading
INFO:werkzeug: * Restarting with stat
WARNING:werkzeug: * Debugger is active!
INFO:werkzeug: * Debugger PIN: 242-964-368
INFO:werkzeug: * Detected change in '/Users/hono/Desktop/ice-recommend/src/models/rate.py', reloading
INFO:werkzeug: * Restarting with stat
WARNING:werkzeug: * Debugger is active!
INFO:werkzeug: * Debugger PIN: 242-964-368
INFO:werkzeug: * Detected change in '/Users/hono/Desktop/ice-recommend/src/models/rate.py', reloading
INFO:werkzeug: * Restarting with stat
WARNING:werkzeug: * Debugger is active!
INFO:werkzeug: * Debugger PIN: 242-964-368
INFO:werkzeug: * Detected change in '/Users/hono/Desktop/ice-recommend/src/models/rate.py', reloading
INFO:werkzeug: * Restarting with stat
WARNING:werkzeug: * Debugger is active!
INFO:werkzeug: * Debugger PIN: 242-964-368
INFO:werkzeug: * Detected change in '/Users/hono/Desktop/ice-recommend/src/models/rate.py', reloading
INFO:werkzeug: * Restarting with stat
WARNING:werkzeug: * Debugger is active!
INFO:werkzeug: * Debugger PIN: 242-964-368
INFO:werkzeug: * Detected change in '/Users/hono/Desktop/ice-recommend/src/models/rate.py', reloading
INFO:werkzeug: * Restarting with stat
WARNING:werkzeug: * Debugger is active!
INFO:werkzeug: * Debugger PIN: 242-964-368
INFO:werkzeug: * Detected change in '/Users/hono/Desktop/ice-recommend/src/models/rate.py', reloading
INFO:werkzeug: * Restarting with stat
WARNING:werkzeug: * Debugger is active!
INFO:werkzeug: * Debugger PIN: 242-964-368
INFO:werkzeug: * Detected change in '/Users/hono/Desktop/ice-recommend/src/models/rate.py', reloading
INFO:werkzeug: * Restarting with stat
WARNING:werkzeug: * Debugger is active!
INFO:werkzeug: * Debugger PIN: 242-964-368
INFO:werkzeug: * Detected change in '/Users/hono/Desktop/ice-recommend/src/models/rate.py', reloading
INFO:werkzeug: * Restarting with stat
WARNING:werkzeug: * Debugger is active!
INFO:werkzeug: * Debugger PIN: 242-964-368
INFO:werkzeug: * Detected change in '/Users/hono/Desktop/ice-recommend/src/settings.py', reloading
INFO:werkzeug: * Restarting with stat
WARNING:werkzeug: * Debugger is active!
INFO:werkzeug: * Debugger PIN: 242-964-368
INFO:werkzeug: * Detected change in '/Users/hono/Desktop/ice-recommend/src/main.py', reloading
INFO:werkzeug: * Restarting with stat
